This is pdfTeX, Version 3.14159265-2.6-1.40.16 (MiKTeX 2.9) (preloaded format=pdflatex 2015.12.6)  6 DEC 2015 02:59
entering extended mode
**C:/Users/kush/Desktop/kapil/Polar_plot2.tex
(C:/Users/kush/Desktop/kapil/Polar_plot2.tex
LaTeX2e <2015/01/01> patch level 2
Babel <3.9m> and hyphenation patterns for 69 languages loaded.
(C:\Users\kush\Desktop\Laatex\tex\latex\standalone\standalone.cls
Document Class: standalone 2015/07/15 v1.2 Class to compile TeX sub-files stand
alone
(C:\Users\kush\Desktop\Laatex\tex\generic\oberdiek\ifluatex.sty
Package: ifluatex 2010/03/01 v1.3 Provides the ifluatex switch (HO)
Package ifluatex Info: LuaTeX not detected.
)
(C:\Users\kush\Desktop\Laatex\tex\generic\oberdiek\ifpdf.sty
Package: ifpdf 2011/01/30 v2.3 Provides the ifpdf switch (HO)
Package ifpdf Info: pdfTeX in PDF mode is detected.
)
(C:\Users\kush\Desktop\Laatex\tex\generic\ifxetex\ifxetex.sty
Package: ifxetex 2010/09/12 v0.6 Provides ifxetex conditional
)
(C:\Users\kush\Desktop\Laatex\tex\latex\xkeyval\xkeyval.sty
Package: xkeyval 2014/12/03 v2.7a package option processing (HA)

(C:\Users\kush\Desktop\Laatex\tex\generic\xkeyval\xkeyval.tex
(C:\Users\kush\Desktop\Laatex\tex\generic\xkeyval\xkvutils.tex
\XKV@toks=\toks14
\XKV@tempa@toks=\toks15

(C:\Users\kush\Desktop\Laatex\tex\generic\xkeyval\keyval.tex))
\XKV@depth=\count79
File: xkeyval.tex 2014/12/03 v2.7a key=value parser (HA)
))
\sa@internal=\count80
\c@sapage=\count81

(C:\Users\kush\Desktop\Laatex\tex\latex\standalone\standalone.cfg
File: standalone.cfg 2015/07/15 v1.2 Default configuration file for 'standalone
' class
)
(C:\Users\kush\Desktop\Laatex\tex\latex\base\article.cls
Document Class: article 2014/09/29 v1.4h Standard LaTeX document class
(C:\Users\kush\Desktop\Laatex\tex\latex\base\size10.clo
File: size10.clo 2014/09/29 v1.4h Standard LaTeX file (size option)
)
\c@part=\count82
\c@section=\count83
\c@subsection=\count84
\c@subsubsection=\count85
\c@paragraph=\count86
\c@subparagraph=\count87
\c@figure=\count88
\c@table=\count89
\abovecaptionskip=\skip41
\belowcaptionskip=\skip42
\bibindent=\dimen102
)
\sa@box=\box26
)
(C:\Users\kush\Desktop\Laatex\tex\latex\pgfplots\pgfplots.sty
(C:\Users\kush\Desktop\Laatex\tex\generic\pgfplots\pgfplots.revision.tex)
Package: pgfplots 2015/05/02 v1.12.1 Data Visualization (1.12.1)

(C:\Users\kush\Desktop\Laatex\tex\latex\pgf\frontendlayer\tikz.sty
(C:\Users\kush\Desktop\Laatex\tex\latex\pgf\basiclayer\pgf.sty
(C:\Users\kush\Desktop\Laatex\tex\latex\pgf\utilities\pgfrcs.sty
(C:\Users\kush\Desktop\Laatex\tex\generic\pgf\utilities\pgfutil-common.tex
\pgfutil@everybye=\toks16
\pgfutil@tempdima=\dimen103
\pgfutil@tempdimb=\dimen104

(C:\Users\kush\Desktop\Laatex\tex\generic\pgf\utilities\pgfutil-common-lists.te
x)) (C:\Users\kush\Desktop\Laatex\tex\generic\pgf\utilities\pgfutil-latex.def
\pgfutil@abb=\box27

(C:\Users\kush\Desktop\Laatex\tex\latex\ms\everyshi.sty
Package: everyshi 2001/05/15 v3.00 EveryShipout Package (MS)
))
(C:\Users\kush\Desktop\Laatex\tex\generic\pgf\utilities\pgfrcs.code.tex
Package: pgfrcs 2015/08/07 v3.0.1a (rcs-revision 1.31)
))
Package: pgf 2015/08/07 v3.0.1a (rcs-revision 1.15)

(C:\Users\kush\Desktop\Laatex\tex\latex\pgf\basiclayer\pgfcore.sty
(C:\Users\kush\Desktop\Laatex\tex\latex\graphics\graphicx.sty
Package: graphicx 2014/10/28 v1.0g Enhanced LaTeX Graphics (DPC,SPQR)

(C:\Users\kush\Desktop\Laatex\tex\latex\graphics\graphics.sty
Package: graphics 2014/10/28 v1.0p Standard LaTeX Graphics (DPC,SPQR)

(C:\Users\kush\Desktop\Laatex\tex\latex\graphics\trig.sty
Package: trig 1999/03/16 v1.09 sin cos tan (DPC)
)
(C:\Users\kush\Desktop\Laatex\tex\latex\00miktex\graphics.cfg
File: graphics.cfg 2007/01/18 v1.5 graphics configuration of teTeX/TeXLive
)
Package graphics Info: Driver file: pdftex.def on input line 94.

(C:\Users\kush\Desktop\Laatex\tex\latex\pdftex-def\pdftex.def
File: pdftex.def 2011/05/27 v0.06d Graphics/color for pdfTeX

(C:\Users\kush\Desktop\Laatex\tex\generic\oberdiek\infwarerr.sty
Package: infwarerr 2010/04/08 v1.3 Providing info/warning/error messages (HO)
)
(C:\Users\kush\Desktop\Laatex\tex\generic\oberdiek\ltxcmds.sty
Package: ltxcmds 2011/11/09 v1.22 LaTeX kernel commands for general use (HO)
)
\Gread@gobject=\count90
))
\Gin@req@height=\dimen105
\Gin@req@width=\dimen106
)
(C:\Users\kush\Desktop\Laatex\tex\latex\pgf\systemlayer\pgfsys.sty
(C:\Users\kush\Desktop\Laatex\tex\generic\pgf\systemlayer\pgfsys.code.tex
Package: pgfsys 2014/07/09 v3.0.1a (rcs-revision 1.48)

(C:\Users\kush\Desktop\Laatex\tex\generic\pgf\utilities\pgfkeys.code.tex
\pgfkeys@pathtoks=\toks17
\pgfkeys@temptoks=\toks18

(C:\Users\kush\Desktop\Laatex\tex\generic\pgf\utilities\pgfkeysfiltered.code.te
x
\pgfkeys@tmptoks=\toks19
))
\pgf@x=\dimen107
\pgf@y=\dimen108
\pgf@xa=\dimen109
\pgf@ya=\dimen110
\pgf@xb=\dimen111
\pgf@yb=\dimen112
\pgf@xc=\dimen113
\pgf@yc=\dimen114
\w@pgf@writea=\write3
\r@pgf@reada=\read1
\c@pgf@counta=\count91
\c@pgf@countb=\count92
\c@pgf@countc=\count93
\c@pgf@countd=\count94
\t@pgf@toka=\toks20
\t@pgf@tokb=\toks21
\t@pgf@tokc=\toks22
 (C:\Users\kush\Desktop\Laatex\tex\generic\pgf\systemlayer\pgf.cfg
File: pgf.cfg 2008/05/14  (rcs-revision 1.7)
)
Driver file for pgf: pgfsys-pdftex.def

(C:\Users\kush\Desktop\Laatex\tex\generic\pgf\systemlayer\pgfsys-pdftex.def
File: pgfsys-pdftex.def 2014/10/11  (rcs-revision 1.35)

(C:\Users\kush\Desktop\Laatex\tex\generic\pgf\systemlayer\pgfsys-common-pdf.def
File: pgfsys-common-pdf.def 2013/10/10  (rcs-revision 1.13)
)))
(C:\Users\kush\Desktop\Laatex\tex\generic\pgf\systemlayer\pgfsyssoftpath.code.t
ex
File: pgfsyssoftpath.code.tex 2013/09/09  (rcs-revision 1.9)
\pgfsyssoftpath@smallbuffer@items=\count95
\pgfsyssoftpath@bigbuffer@items=\count96
)
(C:\Users\kush\Desktop\Laatex\tex\generic\pgf\systemlayer\pgfsysprotocol.code.t
ex
File: pgfsysprotocol.code.tex 2006/10/16  (rcs-revision 1.4)
)) (C:\Users\kush\Desktop\Laatex\tex\latex\xcolor\xcolor.sty
Package: xcolor 2007/01/21 v2.11 LaTeX color extensions (UK)

(C:\Users\kush\Desktop\Laatex\tex\latex\00miktex\color.cfg
File: color.cfg 2007/01/18 v1.5 color configuration of teTeX/TeXLive
)
Package xcolor Info: Driver file: pdftex.def on input line 225.
Package xcolor Info: Model `cmy' substituted by `cmy0' on input line 1337.
Package xcolor Info: Model `hsb' substituted by `rgb' on input line 1341.
Package xcolor Info: Model `RGB' extended on input line 1353.
Package xcolor Info: Model `HTML' substituted by `rgb' on input line 1355.
Package xcolor Info: Model `Hsb' substituted by `hsb' on input line 1356.
Package xcolor Info: Model `tHsb' substituted by `hsb' on input line 1357.
Package xcolor Info: Model `HSB' substituted by `hsb' on input line 1358.
Package xcolor Info: Model `Gray' substituted by `gray' on input line 1359.
Package xcolor Info: Model `wave' substituted by `hsb' on input line 1360.
)
(C:\Users\kush\Desktop\Laatex\tex\generic\pgf\basiclayer\pgfcore.code.tex
Package: pgfcore 2010/04/11 v3.0.1a (rcs-revision 1.7)

(C:\Users\kush\Desktop\Laatex\tex\generic\pgf\math\pgfmath.code.tex
(C:\Users\kush\Desktop\Laatex\tex\generic\pgf\math\pgfmathcalc.code.tex
(C:\Users\kush\Desktop\Laatex\tex\generic\pgf\math\pgfmathutil.code.tex)
(C:\Users\kush\Desktop\Laatex\tex\generic\pgf\math\pgfmathparser.code.tex
\pgfmath@dimen=\dimen115
\pgfmath@count=\count97
\pgfmath@box=\box28
\pgfmath@toks=\toks23
\pgfmath@stack@operand=\toks24
\pgfmath@stack@operation=\toks25
)
(C:\Users\kush\Desktop\Laatex\tex\generic\pgf\math\pgfmathfunctions.code.tex
(C:\Users\kush\Desktop\Laatex\tex\generic\pgf\math\pgfmathfunctions.basic.code.
tex)
(C:\Users\kush\Desktop\Laatex\tex\generic\pgf\math\pgfmathfunctions.trigonometr
ic.code.tex)
(C:\Users\kush\Desktop\Laatex\tex\generic\pgf\math\pgfmathfunctions.random.code
.tex)
(C:\Users\kush\Desktop\Laatex\tex\generic\pgf\math\pgfmathfunctions.comparison.
code.tex)
(C:\Users\kush\Desktop\Laatex\tex\generic\pgf\math\pgfmathfunctions.base.code.t
ex)
(C:\Users\kush\Desktop\Laatex\tex\generic\pgf\math\pgfmathfunctions.round.code.
tex)
(C:\Users\kush\Desktop\Laatex\tex\generic\pgf\math\pgfmathfunctions.misc.code.t
ex)
(C:\Users\kush\Desktop\Laatex\tex\generic\pgf\math\pgfmathfunctions.integerarit
hmetics.code.tex)))
(C:\Users\kush\Desktop\Laatex\tex\generic\pgf\math\pgfmathfloat.code.tex
\c@pgfmathroundto@lastzeros=\count98
))
(C:\Users\kush\Desktop\Laatex\tex\generic\pgf\basiclayer\pgfcorepoints.code.tex
File: pgfcorepoints.code.tex 2013/10/07  (rcs-revision 1.27)
\pgf@picminx=\dimen116
\pgf@picmaxx=\dimen117
\pgf@picminy=\dimen118
\pgf@picmaxy=\dimen119
\pgf@pathminx=\dimen120
\pgf@pathmaxx=\dimen121
\pgf@pathminy=\dimen122
\pgf@pathmaxy=\dimen123
\pgf@xx=\dimen124
\pgf@xy=\dimen125
\pgf@yx=\dimen126
\pgf@yy=\dimen127
\pgf@zx=\dimen128
\pgf@zy=\dimen129
)
(C:\Users\kush\Desktop\Laatex\tex\generic\pgf\basiclayer\pgfcorepathconstruct.c
ode.tex
File: pgfcorepathconstruct.code.tex 2013/10/07  (rcs-revision 1.29)
\pgf@path@lastx=\dimen130
\pgf@path@lasty=\dimen131
)
(C:\Users\kush\Desktop\Laatex\tex\generic\pgf\basiclayer\pgfcorepathusage.code.
tex
File: pgfcorepathusage.code.tex 2014/11/02  (rcs-revision 1.24)
\pgf@shorten@end@additional=\dimen132
\pgf@shorten@start@additional=\dimen133
)
(C:\Users\kush\Desktop\Laatex\tex\generic\pgf\basiclayer\pgfcorescopes.code.tex
File: pgfcorescopes.code.tex 2015/05/08  (rcs-revision 1.46)
\pgfpic=\box29
\pgf@hbox=\box30
\pgf@layerbox@main=\box31
\pgf@picture@serial@count=\count99
)
(C:\Users\kush\Desktop\Laatex\tex\generic\pgf\basiclayer\pgfcoregraphicstate.co
de.tex
File: pgfcoregraphicstate.code.tex 2014/11/02  (rcs-revision 1.12)
\pgflinewidth=\dimen134
)
(C:\Users\kush\Desktop\Laatex\tex\generic\pgf\basiclayer\pgfcoretransformations
.code.tex
File: pgfcoretransformations.code.tex 2015/08/07  (rcs-revision 1.20)
\pgf@pt@x=\dimen135
\pgf@pt@y=\dimen136
\pgf@pt@temp=\dimen137
)
(C:\Users\kush\Desktop\Laatex\tex\generic\pgf\basiclayer\pgfcorequick.code.tex
File: pgfcorequick.code.tex 2008/10/09  (rcs-revision 1.3)
)
(C:\Users\kush\Desktop\Laatex\tex\generic\pgf\basiclayer\pgfcoreobjects.code.te
x
File: pgfcoreobjects.code.tex 2006/10/11  (rcs-revision 1.2)
)
(C:\Users\kush\Desktop\Laatex\tex\generic\pgf\basiclayer\pgfcorepathprocessing.
code.tex
File: pgfcorepathprocessing.code.tex 2013/09/09  (rcs-revision 1.9)
)
(C:\Users\kush\Desktop\Laatex\tex\generic\pgf\basiclayer\pgfcorearrows.code.tex
File: pgfcorearrows.code.tex 2015/05/14  (rcs-revision 1.43)
\pgfarrowsep=\dimen138
)
(C:\Users\kush\Desktop\Laatex\tex\generic\pgf\basiclayer\pgfcoreshade.code.tex
File: pgfcoreshade.code.tex 2013/07/15  (rcs-revision 1.15)
\pgf@max=\dimen139
\pgf@sys@shading@range@num=\count100
) (C:\Users\kush\Desktop\Laatex\tex\generic\pgf\basiclayer\pgfcoreimage.code.te
x
File: pgfcoreimage.code.tex 2013/07/15  (rcs-revision 1.18)

(C:\Users\kush\Desktop\Laatex\tex\generic\pgf\basiclayer\pgfcoreexternal.code.t
ex
File: pgfcoreexternal.code.tex 2014/07/09  (rcs-revision 1.21)
\pgfexternal@startupbox=\box32
))
(C:\Users\kush\Desktop\Laatex\tex\generic\pgf\basiclayer\pgfcorelayers.code.tex
File: pgfcorelayers.code.tex 2013/07/18  (rcs-revision 1.7)
)
(C:\Users\kush\Desktop\Laatex\tex\generic\pgf\basiclayer\pgfcoretransparency.co
de.tex
File: pgfcoretransparency.code.tex 2013/09/30  (rcs-revision 1.5)
)
(C:\Users\kush\Desktop\Laatex\tex\generic\pgf\basiclayer\pgfcorepatterns.code.t
ex
File: pgfcorepatterns.code.tex 2013/11/07  (rcs-revision 1.5)
)))
(C:\Users\kush\Desktop\Laatex\tex\generic\pgf\modules\pgfmoduleshapes.code.tex
File: pgfmoduleshapes.code.tex 2014/03/21  (rcs-revision 1.35)
\pgfnodeparttextbox=\box33
) (C:\Users\kush\Desktop\Laatex\tex\generic\pgf\modules\pgfmoduleplot.code.tex
File: pgfmoduleplot.code.tex 2015/08/03  (rcs-revision 1.13)
)
(C:\Users\kush\Desktop\Laatex\tex\latex\pgf\compatibility\pgfcomp-version-0-65.
sty
Package: pgfcomp-version-0-65 2007/07/03 v3.0.1a (rcs-revision 1.7)
\pgf@nodesepstart=\dimen140
\pgf@nodesepend=\dimen141
)
(C:\Users\kush\Desktop\Laatex\tex\latex\pgf\compatibility\pgfcomp-version-1-18.
sty
Package: pgfcomp-version-1-18 2007/07/23 v3.0.1a (rcs-revision 1.1)
)) (C:\Users\kush\Desktop\Laatex\tex\latex\pgf\utilities\pgffor.sty
(C:\Users\kush\Desktop\Laatex\tex\latex\pgf\utilities\pgfkeys.sty
(C:\Users\kush\Desktop\Laatex\tex\generic\pgf\utilities\pgfkeys.code.tex))
(C:\Users\kush\Desktop\Laatex\tex\latex\pgf\math\pgfmath.sty
(C:\Users\kush\Desktop\Laatex\tex\generic\pgf\math\pgfmath.code.tex))
(C:\Users\kush\Desktop\Laatex\tex\generic\pgf\utilities\pgffor.code.tex
Package: pgffor 2013/12/13 v3.0.1a (rcs-revision 1.25)

(C:\Users\kush\Desktop\Laatex\tex\generic\pgf\math\pgfmath.code.tex)
\pgffor@iter=\dimen142
\pgffor@skip=\dimen143
\pgffor@stack=\toks26
\pgffor@toks=\toks27
))
(C:\Users\kush\Desktop\Laatex\tex\generic\pgf\frontendlayer\tikz\tikz.code.tex
Package: tikz 2015/08/07 v3.0.1a (rcs-revision 1.151)

(C:\Users\kush\Desktop\Laatex\tex\generic\pgf\libraries\pgflibraryplothandlers.
code.tex
File: pgflibraryplothandlers.code.tex 2013/08/31 v3.0.1a (rcs-revision 1.20)
\pgf@plot@mark@count=\count101
\pgfplotmarksize=\dimen144
)
\tikz@lastx=\dimen145
\tikz@lasty=\dimen146
\tikz@lastxsaved=\dimen147
\tikz@lastysaved=\dimen148
\tikzleveldistance=\dimen149
\tikzsiblingdistance=\dimen150
\tikz@figbox=\box34
\tikz@figbox@bg=\box35
\tikz@tempbox=\box36
\tikz@tempbox@bg=\box37
\tikztreelevel=\count102
\tikznumberofchildren=\count103
\tikznumberofcurrentchild=\count104
\tikz@fig@count=\count105

(C:\Users\kush\Desktop\Laatex\tex\generic\pgf\modules\pgfmodulematrix.code.tex
File: pgfmodulematrix.code.tex 2013/09/17  (rcs-revision 1.8)
\pgfmatrixcurrentrow=\count106
\pgfmatrixcurrentcolumn=\count107
\pgf@matrix@numberofcolumns=\count108
)
\tikz@expandcount=\count109

(C:\Users\kush\Desktop\Laatex\tex\generic\pgf\frontendlayer\tikz\libraries\tikz
librarytopaths.code.tex
File: tikzlibrarytopaths.code.tex 2008/06/17 v3.0.1a (rcs-revision 1.2)
)))
(C:\Users\kush\Desktop\Laatex\tex\generic\pgfplots\pgfplots.code.tex
(C:\Users\kush\Desktop\Laatex\tex\generic\pgfplots\pgfplotscore.code.tex
\t@pgfplots@toka=\toks28
\t@pgfplots@tokb=\toks29
\t@pgfplots@tokc=\toks30
\pgfplots@tmpa=\dimen151
\c@pgfplots@coordindex=\count110
\c@pgfplots@scanlineindex=\count111

(C:\Users\kush\Desktop\Laatex\tex\generic\pgfplots\sys\pgfplotssysgeneric.code.
tex))
(C:\Users\kush\Desktop\Laatex\tex\generic\pgfplots\libs\pgfplotslibrary.code.te
x)
(C:\Users\kush\Desktop\Laatex\tex\generic\pgfplots\oldpgfcompatib\pgfplotsoldpg
fsupp_loader.code.tex
(C:\Users\kush\Desktop\Laatex\tex\generic\pgf\libraries\pgflibraryfpu.code.tex)
) (C:\Users\kush\Desktop\Laatex\tex\generic\pgfplots\util\pgfplotsutil.code.tex

(C:\Users\kush\Desktop\Laatex\tex\generic\pgfplots\liststructure\pgfplotslistst
ructure.code.tex)
(C:\Users\kush\Desktop\Laatex\tex\generic\pgfplots\liststructure\pgfplotslistst
ructureext.code.tex)
(C:\Users\kush\Desktop\Laatex\tex\generic\pgfplots\liststructure\pgfplotsarray.
code.tex
\c@pgfplotsarray@tmp=\count112
)
(C:\Users\kush\Desktop\Laatex\tex\generic\pgfplots\liststructure\pgfplotsmatrix
.code.tex)
(C:\Users\kush\Desktop\Laatex\tex\generic\pgfplots\numtable\pgfplotstableshared
.code.tex
\c@pgfplotstable@counta=\count113
\t@pgfplotstable@a=\toks31
)
(C:\Users\kush\Desktop\Laatex\tex\generic\pgfplots\liststructure\pgfplotsdeque.
code.tex)
(C:\Users\kush\Desktop\Laatex\tex\generic\pgfplots\util\pgfplotsbinary.code.tex

(C:\Users\kush\Desktop\Laatex\tex\generic\pgfplots\util\pgfplotsbinary.data.cod
e.tex))
(C:\Users\kush\Desktop\Laatex\tex\generic\pgfplots\util\pgfplotsutil.verb.code.
tex)
(C:\Users\kush\Desktop\Laatex\tex\generic\pgfplots\libs\pgflibrarypgfplots.surf
shading.code.tex
\c@pgfplotslibrarysurf@no=\count114

(C:\Users\kush\Desktop\Laatex\tex\generic\pgfplots\sys\pgflibrarypgfplots.surfs
hading.pgfsys-pdftex.def)))
(C:\Users\kush\Desktop\Laatex\tex\generic\pgfplots\util\pgfplotscolormap.code.t
ex
(C:\Users\kush\Desktop\Laatex\tex\generic\pgfplots\util\pgfplotscolor.code.tex)
)
(C:\Users\kush\Desktop\Laatex\tex\generic\pgfplots\pgfplotsstackedplots.code.te
x)
(C:\Users\kush\Desktop\Laatex\tex\generic\pgfplots\pgfplotsplothandlers.code.te
x
(C:\Users\kush\Desktop\Laatex\tex\generic\pgfplots\pgfplotsmeshplothandler.code
.tex))
(C:\Users\kush\Desktop\Laatex\tex\generic\pgfplots\pgfplots.scaling.code.tex)
(C:\Users\kush\Desktop\Laatex\tex\generic\pgfplots\pgfplotscoordprocessing.code
.tex)
(C:\Users\kush\Desktop\Laatex\tex\generic\pgfplots\pgfplots.errorbars.code.tex)
(C:\Users\kush\Desktop\Laatex\tex\generic\pgfplots\pgfplots.markers.code.tex)
(C:\Users\kush\Desktop\Laatex\tex\generic\pgfplots\pgfplotsticks.code.tex)
(C:\Users\kush\Desktop\Laatex\tex\generic\pgfplots\pgfplots.paths.code.tex)
(C:\Users\kush\Desktop\Laatex\tex\generic\pgf\frontendlayer\tikz\libraries\tikz
librarydecorations.code.tex
(C:\Users\kush\Desktop\Laatex\tex\generic\pgf\modules\pgfmoduledecorations.code
.tex
\pgfdecoratedcompleteddistance=\dimen152
\pgfdecoratedremainingdistance=\dimen153
\pgfdecoratedinputsegmentcompleteddistance=\dimen154
\pgfdecoratedinputsegmentremainingdistance=\dimen155
\pgf@decorate@distancetomove=\dimen156
\pgf@decorate@repeatstate=\count115
\pgfdecorationsegmentamplitude=\dimen157
\pgfdecorationsegmentlength=\dimen158
)
\tikz@lib@dec@box=\box38
)
(C:\Users\kush\Desktop\Laatex\tex\generic\pgf\frontendlayer\tikz\libraries\tikz
librarydecorations.pathmorphing.code.tex
(C:\Users\kush\Desktop\Laatex\tex\generic\pgf\libraries\decorations\pgflibraryd
ecorations.pathmorphing.code.tex))
(C:\Users\kush\Desktop\Laatex\tex\generic\pgf\frontendlayer\tikz\libraries\tikz
librarydecorations.pathreplacing.code.tex
(C:\Users\kush\Desktop\Laatex\tex\generic\pgf\libraries\decorations\pgflibraryd
ecorations.pathreplacing.code.tex))
\pgfplots@numplots=\count116
\pgfplots@xmin@reg=\dimen159
\pgfplots@xmax@reg=\dimen160
\pgfplots@ymin@reg=\dimen161
\pgfplots@ymax@reg=\dimen162
\pgfplots@zmin@reg=\dimen163
\pgfplots@zmax@reg=\dimen164
)
(C:\Users\kush\Desktop\Laatex\tex\generic\pgf\frontendlayer\tikz\libraries\tikz
libraryplotmarks.code.tex
File: tikzlibraryplotmarks.code.tex 2008/01/09 v3.0.1a (rcs-revision 1.1)

(C:\Users\kush\Desktop\Laatex\tex\generic\pgf\libraries\pgflibraryplotmarks.cod
e.tex
File: pgflibraryplotmarks.code.tex 2015/08/03 v3.0.1a (rcs-revision 1.14)
)))
(C:\Users\kush\Desktop\Laatex\tex\generic\pgfplots\libs\tikzlibrarypgfplots.pol
ar.code.tex) (Polar_plot2.aux)
LaTeX Font Info:    Checking defaults for OML/cmm/m/it on input line 6.
LaTeX Font Info:    ... okay on input line 6.
LaTeX Font Info:    Checking defaults for T1/cmr/m/n on input line 6.
LaTeX Font Info:    ... okay on input line 6.
LaTeX Font Info:    Checking defaults for OT1/cmr/m/n on input line 6.
LaTeX Font Info:    ... okay on input line 6.
LaTeX Font Info:    Checking defaults for OMS/cmsy/m/n on input line 6.
LaTeX Font Info:    ... okay on input line 6.
LaTeX Font Info:    Checking defaults for OMX/cmex/m/n on input line 6.
LaTeX Font Info:    ... okay on input line 6.
LaTeX Font Info:    Checking defaults for U/cmr/m/n on input line 6.
LaTeX Font Info:    ... okay on input line 6.
 ABD: EveryShipout initializing macros
(C:\Users\kush\Desktop\Laatex\tex\context\base\supp-pdf.mkii
[Loading MPS to PDF converter (version 2006.09.02).]
\scratchcounter=\count117
\scratchdimen=\dimen165
\scratchbox=\box39
\nofMPsegments=\count118
\nofMParguments=\count119
\everyMPshowfont=\toks32
\MPscratchCnt=\count120
\MPscratchDim=\dimen166
\MPnumerator=\count121
\makeMPintoPDFobject=\count122
\everyMPtoPDFconversion=\toks33
)

Package pgfplots Warning: running in backwards compatibility mode (unsuitable t
ick labels; missing features). Consider writing \pgfplotsset{compat=1.12} into 
your preamble.
 on input line 6.

LaTeX Font Info:    External font `cmex10' loaded for size
(Font)              <7> on input line 15.
LaTeX Font Info:    External font `cmex10' loaded for size
(Font)              <5> on input line 15.

Package pgfplots Warning: Sorry, the colorbar is uninitialised - your axis has 
no color data. Consider using 'point meta=f(x)' or something like that. I am us
ing a color range of [0,1] for the colorbar. on input line 15.

 [warning /pgfplots/warning/colorbar uninitialised]
[1

{C:/Users/kush/Desktop/Laatex/pdftex/config/pdftex.map}] (Polar_plot2.aux) ) 
Here is how much of TeX's memory you used:
 20839 strings out of 493673
 545657 string characters out of 3143620
 710753 words of memory out of 3000000
 23877 multiletter control sequences out of 15000+200000
 3808 words of font info for 15 fonts, out of 3000000 for 9000
 1025 hyphenation exceptions out of 8191
 62i,10n,104p,762b,2278s stack positions out of 5000i,500n,10000p,200000b,50000s
<C:
/Users/kush/Desktop/Laatex/fonts/type1/public/amsfonts/cm/cmmi10.pfb><C:/Users/
kush/Desktop/Laatex/fonts/type1/public/amsfonts/cm/cmr10.pfb><C:/Users/kush/Des
ktop/Laatex/fonts/type1/public/amsfonts/cm/cmtt10.pfb>
Output written on Polar_plot2.pdf (1 page, 33940 bytes).
PDF statistics:
 23 PDF objects out of 1000 (max. 8388607)
 0 named destinations out of 1000 (max. 500000)
 19 words of extra memory for PDF output out of 10000 (max. 10000000)

